<?xml version="1.0" encoding="UTF-8"?>
<!-- Generated by org.testng.reporters.JUnitXMLReporter -->
<testsuite ignored="0" hostname="SVL" failures="0" tests="21" name="pizzahut001" time="68.71" errors="0" timestamp="2023-05-04T15:00:17 IST">
  <testcase classname="stepDefinitions.PizzaHutTestNGTest" name="website_launche_with_url" time="2.941"/>
  <testcase classname="stepDefinitions.PizzaHutTestNGTest" name="set_the_user_delivery_location_as_lulu_mall_bangalore" time="15.553"/>
  <testcase classname="stepDefinitions.PizzaHutTestNGTest" name="a_black_color_auto_pop_up_screen_will_be_displayed_close_it" time="0.176"/>
  <testcase classname="stepDefinitions.PizzaHutTestNGTest" name="click_on_view_all_deals" time="0.181"/>
  <testcase classname="stepDefinitions.PizzaHutTestNGTest" name="enter_delivery_address" time="10.517"/>
  <testcase classname="stepDefinitions.PizzaHutTestNGTest" name="the_user_is_now_on_the_deals_page_validate_that_the_url_has_text_as_deals" time="6.124"/>
  <testcase classname="stepDefinitions.PizzaHutTestNGTest" name="go_to_sides_and_add_any_item_that_is_below_200" time="14.138"/>
  <testcase classname="stepDefinitions.PizzaHutTestNGTest" name="validate_that_the_product_is_added_under_basket_but_checkout_button_price_item_is_still_not_showing" time="0.32"/>
  <testcase classname="stepDefinitions.PizzaHutTestNGTest" name="navigate_to_the_drinks_page" time="0.476"/>
  <testcase classname="stepDefinitions.PizzaHutTestNGTest" name="add_any_two_drinks_so_that_total_cart_pricing_is_more_than_200" time="1.171"/>
  <testcase classname="stepDefinitions.PizzaHutTestNGTest" name="click_on_the_checkout_button_the_user_will_be_navigated_to_the_checkout_page" time="0.195"/>
  <testcase classname="stepDefinitions.PizzaHutTestNGTest" name="validate_that_the_online_payment_radio_button_is_selected_by_default" time="4.341"/>
  <testcase classname="stepDefinitions.PizzaHutTestNGTest" name="change_the_payment_option_to_cash" time="0.159"/>
  <testcase classname="stepDefinitions.PizzaHutTestNGTest" name="validate_that_the_i_agree_checkbox_is_checked_by_default" time="0.023"/>
  <testcase classname="stepDefinitions.PizzaHutTestNGTest" name="enter_name_mobile_and_email_address" time="0.746"/>
  <testcase classname="stepDefinitions.PizzaHutTestNGTest" name="click_on_the_apply_gift_card_link" time="0.914"/>
  <testcase classname="stepDefinitions.PizzaHutTestNGTest" name="a_pop_up_should_appear_click_on_the_voucher" time="0.078"/>
  <testcase classname="stepDefinitions.PizzaHutTestNGTest" name="give_the_voucher_code_as_and_submit" time="0.158"/>
  <testcase classname="stepDefinitions.PizzaHutTestNGTest" name="validate_if_an_error_is_coming_that_the_number_is_incorrect" time="2.156"/>
  <testcase classname="stepDefinitions.PizzaHutTestNGTest" name="close_the_voucher_pop_up" time="0.117"/>
  <testcase classname="stepDefinitions.PizzaHutTestNGTest" name="the_user_should_again_navigate_to_your_basket_page" time="0.001"/>
</testsuite> <!-- pizzahut001 -->
